## Action: 2024-05-24
Started documentation pass for the following files:
- cmd/processor.go
- cmd/colors.go
- internal/scanner/scanner.go
- internal/cleaner/cleaner.go
- internal/config/config.go
- internal/scheduler/scheduler.go

Objective: Add GoDoc-compliant comments to all public and private functions, types, methods, and significant variables.
Status: Completed.
Files updated:
- cmd/processor.go
- cmd/colors.go
- internal/scanner/scanner.go
- internal/cleaner/cleaner.go
- internal/config/config.go
- internal/scheduler/scheduler.go
Verified: All tests passed.
Tue May 19 12:10:49 +08 2026
 - Started inline documentation pass.
Tue May 19 12:12:49 +08 2026
 - Inline documentation pass complete. All tests passed.
Action: Architected and implemented parallel target scanning using a worker pool in cmd/processor.go. Documented in docs/performance/PERFORMANCE.md and updated README.md.
Action: Documented Go concurrency model and its application in mls in docs/performance/CONCURRENCY_EXPLAINED.md.
Action: Documented Directory Traversal & Globbing strategy in docs/performance/PERFORMANCE.md.
Action: Added detailed architectural explanation of parallel execution safety to docs/performance/CONCURRENCY_EXPLAINED.md.
Action: Refactored target processing to deduplicate overlapping file paths using a map. Updated CLI summary to report unique file counts for accurate cleanup estimations. Verified integrity with size consistency tests.
Action: Reordered execution flow to prioritize file-system scans before scheduled command execution. Added result deduplication across targets.
Action: Optimized result deduplication using a new ResultAggregator abstraction. Added thread-safe file path tracking and improved memory efficiency.
Action: Added comprehensive tests for ResultAggregator to cmd/aggregator_test.go covering deduplication and concurrency. Verified logic with tests.
Action: Refactored Cleaner to use parallel worker pool for deletion. All cleanup tasks are now concurrent, significantly improving speed.
Action: Documented Parallel Deletion implementation in docs/performance/PERFORMANCE.md. Added Git commit to finalize.
Action: Finalized modularization into mls-core and ensured target-ordered scan execution.
Action: Refactored engine API to expose Scan, Clean, ScanAndClean. Integrated hook-based logging throughout.
## Action: 2026-05-19
Action: Analyze and refactor scan/clean engine performance.
Action: Implemented single-pass scanner traversal in internal/scanner/scanner.go.
Action: Refactored Clean to parallel worker pool in internal/engine/engine.go.
Action: Added rigorous test suite with -race for engine and command handler (engine_test.go, command_handler_test.go, etc).
Action: Standardized config files and updated embedded defaults.
Action: Fixed cron scheduling string to 6 fields.
Action: Migrated all transient /tmp usage to ~/Library/Caches/mls.
Action: Implemented agent management commands (install, start, stop, status, uninstall, restart) in cmd/agent.go.
Action: Added 30-minute missed task catch-up ticker to cmd/serve.go.
Action: Implemented zero-downtime config reload via SIGHUP.
Action: Restored missing 'open' and 'reveal' config commands.

## Action: 2026-05-19 (Late session)
Action: Refactored cmd/agent.go to centralize plistPath generation into getPlistPath().
Action: Consolidated launchctl logic into getAgentUninstallCommand() and getAgentLoadCommand().
Action: Reverted StartAgent to original blocking behavior.
Action: Analyzed and documented the launchd sleep/wake scheduling behavior.
Action: Implemented 30-minute background ticker in cmd/serve.go for task catch-up.
Action: Implemented dynamic configuration reloading via SIGHUP in serve.go and config.go.
Action: Restored mls config open and mls config reveal commands in cmd/config.go.
Action: Standardized docs/configuration/Examples/Extensive.yml with titles.
Action: Conducted exhaustive documentation audit of core modules (engine, scanner, cleaner, scheduler, config, cmd/agent, cmd/serve) adding GoDoc comments.
Action: Migrated all transient /tmp usage to persistent storage using utils.GetAppCacheDir().
Action: Verified all changes with -race detection and comprehensive test suites.
