## Prompt: 2024-05-24
Continue the documentation pass. 

### Remaining from Batch 1:
- cmd/processor.go
- cmd/colors.go

### Batch 2:
- internal/scanner/scanner.go
- internal/cleaner/cleaner.go
- internal/config/config.go
- internal/scheduler/scheduler.go

### Objective
Add GoDoc-compliant comments to all public AND private functions, types, methods, and significant variables in each file. Comments should be concise but descriptive, explaining both "what" the code does and the "why" (intent).

Ensure you use Go conventions (e.g., `// TypeName represents...`, `// MethodName does...`).
Refer to `AGENTS.md` for standards.
Tue May 19 12:10:49 +08 2026
 - Inline documentation pass on scanner, cleaner, processor, and scheduler.

## Prompt: 2026-05-19
1. Analyze and refactor scan/clean engine performance.
2. Implement single-pass scanner traversal.
3. Refactor Clean to parallel worker pool.
4. Add rigorous test suite with -race.
5. Standardize config files (Extensive.yml/default.yml/config.go).
6. Fix cron scheduling (6 fields).
7. Migrate storage from /tmp to persistent cache directory (~/Library/Caches/mls).
8. Implement agent management (install, start, stop, status, uninstall, restart).
9. Add 30-min missed task catch-up ticker.
10. Implement config reload via SIGHUP.
11. Standardize logs and documentation.

## Prompt: 2026-05-19 (Late session)
1. Fix syntax error in cmd/agent.go.
2. Centralize plistPath management in getPlistPath helper.
3. Consolidate launchctl commands into helpers.
4. Revert non-blocking kickstart change; restore original blocking behavior.
5. Analyze sleep/wake scheduling reliability and cron drift.
6. Implement 30-minute missed-task catch-up ticker in cmd/serve.go.
7. Implement mls config reload (SIGHUP) in cmd/serve.go and cmd/config.go.
8. Restore missing config open and reveal commands.
9. Standardize Extensive.yml with titles and consistency.
10. Systematically document the codebase file-by-file with GoDoc comments.
11. Audit and standardize storage persistence.
